<?xml version="1.0" encoding="UTF-8"?>
<!-- Generated by org.testng.reporters.JUnitReportReporter -->
<testsuite hostname="Priya" failures="0" tests="5" name="Practice.DataDrivenTesting_Grotech_05data" time="35.394" errors="0" timestamp="2024-09-12T18:48:34 IST" skipped="0">
  <testcase classname="Practice.DataDrivenTesting_Grotech_05data" name="Grotech" time="7.525"/>
  <system-out/>
  <testcase classname="Practice.DataDrivenTesting_Grotech_05data" name="Grotech" time="7.276"/>
  <system-out/>
  <testcase classname="Practice.DataDrivenTesting_Grotech_05data" name="Grotech" time="7.320"/>
  <system-out/>
  <testcase classname="Practice.DataDrivenTesting_Grotech_05data" name="Grotech" time="9.247"/>
  <system-out/>
  <testcase classname="Practice.DataDrivenTesting_Grotech_05data" name="Grotech" time="4.026"/>
  <system-out/>
</testsuite> <!-- Practice.DataDrivenTesting_Grotech_05data -->
