<?xml version="1.0" encoding="UTF-8"?>
<!-- Generated by org.testng.reporters.JUnitReportReporter -->
<testsuite hostname="Priya" failures="0" tests="3" name="testng_programs.Class2" time="0.025" errors="0" timestamp="2024-09-09T17:04:08 IST" skipped="0">
  <testcase classname="testng_programs.Class2" name="testcase1" time="0.011"/>
  <system-out/>
  <testcase classname="testng_programs.Class2" name="testcase3" time="0.011"/>
  <system-out/>
  <testcase classname="testng_programs.Class2" name="testcase2" time="0.003"/>
  <system-out/>
</testsuite> <!-- testng_programs.Class2 -->
