<?xml version="1.0" encoding="UTF-8"?>
<!-- Generated by org.testng.reporters.JUnitReportReporter -->
<testsuite hostname="Priya" failures="0" tests="5" name="Practice.DataDrivenTesting_Intvalue53class" time="0.020" errors="0" timestamp="2024-09-12T16:11:05 IST" skipped="0">
  <testcase classname="Practice.DataDrivenTesting_Intvalue53class" name="Integer" time="0.015"/>
  <system-out/>
  <testcase classname="Practice.DataDrivenTesting_Intvalue53class" name="Integer" time="0.002"/>
  <system-out/>
  <testcase classname="Practice.DataDrivenTesting_Intvalue53class" name="Integer" time="0.001"/>
  <system-out/>
  <testcase classname="Practice.DataDrivenTesting_Intvalue53class" name="Integer" time="0.001"/>
  <system-out/>
  <testcase classname="Practice.DataDrivenTesting_Intvalue53class" name="Integer" time="0.001"/>
  <system-out/>
</testsuite> <!-- Practice.DataDrivenTesting_Intvalue53class -->
