<?xml version="1.0" encoding="UTF-8"?>
<!-- Generated by org.testng.reporters.JUnitReportReporter -->
<testsuite hostname="Priya" failures="0" tests="1" name="Practice1.Testcase4" time="0.000" errors="0" timestamp="2024-09-10T16:55:04 IST" skipped="0">
  <testcase classname="Practice1.Testcase4" name="searching" time="0.000"/>
  <system-out/>
</testsuite> <!-- Practice1.Testcase4 -->
