<?xml version="1.0" encoding="UTF-8"?>
<!-- Generated by org.testng.reporters.JUnitReportReporter -->
<testsuite hostname="Priya" failures="0" tests="1" name="Groupin_Testcase.Testcase_Grouping" time="0.015" errors="0" timestamp="2024-09-22T21:05:10 IST" skipped="0">
  <testcase classname="Groupin_Testcase.Testcase_Grouping" name="testcase3" time="0.015"/>
  <system-out/>
</testsuite> <!-- Groupin_Testcase.Testcase_Grouping -->
