<?xml version="1.0" encoding="UTF-8"?>
<!-- Generated by org.testng.reporters.JUnitReportReporter -->
<testsuite hostname="Priya" failures="0" tests="1" name="Autosuggestions.TestNG_MKT1" time="0.014" errors="0" timestamp="2024-09-09T06:49:23 IST" skipped="0">
  <testcase classname="Autosuggestions.TestNG_MKT1" name="testcase1" time="0.014"/>
  <system-out/>
</testsuite> <!-- Autosuggestions.TestNG_MKT1 -->
