<?xml version="1.0" encoding="UTF-8"?>
<!-- Generated by org.testng.reporters.JUnitReportReporter -->
<testsuite hostname="Priya" failures="0" tests="1" name="co_ordinates.coordinates_Amazon" time="11.146" errors="0" timestamp="2024-09-27T19:58:26 IST" skipped="0">
  <testcase classname="co_ordinates.coordinates_Amazon" name="AboutAmazon" time="11.146"/>
  <system-out/>
</testsuite> <!-- co_ordinates.coordinates_Amazon -->
