<?xml version="1.0" encoding="UTF-8"?>
<!-- Generated by org.testng.reporters.JUnitReportReporter -->
<testsuite hostname="Priya" failures="0" tests="5" name="Practice1.DataDrivenTesting1" time="0.038" errors="0" timestamp="2024-09-12T07:18:27 IST" skipped="0">
  <testcase classname="Practice1.DataDrivenTesting1" name="method1" time="0.028"/>
  <system-out/>
  <testcase classname="Practice1.DataDrivenTesting1" name="method1" time="0.002"/>
  <system-out/>
  <testcase classname="Practice1.DataDrivenTesting1" name="method1" time="0.001"/>
  <system-out/>
  <testcase classname="Practice1.DataDrivenTesting1" name="method1" time="0.004"/>
  <system-out/>
  <testcase classname="Practice1.DataDrivenTesting1" name="method1" time="0.003"/>
  <system-out/>
</testsuite> <!-- Practice1.DataDrivenTesting1 -->
