<?xml version="1.0" encoding="UTF-8"?>
<!-- Generated by org.testng.reporters.JUnitReportReporter -->
<testsuite hostname="Priya" failures="0" tests="3" name="Autosuggestions.TestNG_Annotations" time="0.027" errors="0" timestamp="2024-09-09T07:00:44 IST" skipped="0">
  <testcase classname="Autosuggestions.TestNG_Annotations" name="testcase1" time="0.013"/>
  <system-out/>
  <testcase classname="Autosuggestions.TestNG_Annotations" name="testcase3" time="0.010"/>
  <system-out/>
  <testcase classname="Autosuggestions.TestNG_Annotations" name="testcase2" time="0.004"/>
  <system-out/>
</testsuite> <!-- Autosuggestions.TestNG_Annotations -->
