<?xml version="1.0" encoding="UTF-8"?>
<!-- Generated by org.testng.reporters.JUnitReportReporter -->
<testsuite hostname="Priya" failures="0" tests="2" name="Skipping_Testcase.Skip_testcase1" time="0.022" errors="0" timestamp="2024-09-22T22:01:56 IST" skipped="0">
  <testcase classname="Skipping_Testcase.Skip_testcase1" name="login" time="0.019"/>
  <system-out/>
  <testcase classname="Skipping_Testcase.Skip_testcase1" name="logout" time="0.003"/>
  <system-out/>
</testsuite> <!-- Skipping_Testcase.Skip_testcase1 -->
