<?xml version="1.0" encoding="UTF-8"?>
<!-- Generated by org.testng.reporters.JUnitReportReporter -->
<testsuite hostname="Priya" failures="0" tests="3" name="testng_programs.AlphabeticalOrderExecution" time="0.019" errors="0" timestamp="2024-09-09T17:19:04 IST" skipped="0">
  <testcase classname="testng_programs.AlphabeticalOrderExecution" name="login" time="0.003"/>
  <system-out/>
  <testcase classname="testng_programs.AlphabeticalOrderExecution" name="Logout" time="0.015"/>
  <system-out/>
  <testcase classname="testng_programs.AlphabeticalOrderExecution" name="Registration" time="0.001"/>
  <system-out/>
</testsuite> <!-- testng_programs.AlphabeticalOrderExecution -->
