<?xml version="1.0" encoding="UTF-8"?>
<!-- Generated by org.testng.reporters.JUnitReportReporter -->
<testsuite hostname="Priya" failures="0" tests="6" name="Groupin_Testcase.smoke_Testcase" time="0.022" errors="0" timestamp="2024-09-22T20:44:31 IST" skipped="0">
  <testcase classname="Groupin_Testcase.smoke_Testcase" name="testcase4" time="0.001"/>
  <system-out/>
  <testcase classname="Groupin_Testcase.smoke_Testcase" name="testcase2" time="0.002"/>
  <system-out/>
  <testcase classname="Groupin_Testcase.smoke_Testcase" name="testcase5" time="0.002"/>
  <system-out/>
  <testcase classname="Groupin_Testcase.smoke_Testcase" name="testcase6" time="0.001"/>
  <system-out/>
  <testcase classname="Groupin_Testcase.smoke_Testcase" name="testcase1" time="0.015"/>
  <system-out/>
  <testcase classname="Groupin_Testcase.smoke_Testcase" name="testcase3" time="0.001"/>
  <system-out/>
</testsuite> <!-- Groupin_Testcase.smoke_Testcase -->
