<?xml version="1.0" encoding="UTF-8"?>
<!-- Generated by org.testng.reporters.JUnitReportReporter -->
<testsuite hostname="Priya" failures="0" tests="1" name="Robotclass.PrifleAccount_Identifier" time="14.104" errors="0" timestamp="2024-09-26T23:29:22 IST" skipped="0">
  <testcase classname="Robotclass.PrifleAccount_Identifier" name="profile" time="14.104"/>
  <system-out/>
</testsuite> <!-- Robotclass.PrifleAccount_Identifier -->
