<?xml version="1.0" encoding="UTF-8"?>
<!-- Generated by org.testng.reporters.JUnitReportReporter -->
<testsuite hostname="Priya" failures="0" tests="10" name="Practice.Assignment_DataDriventesting_10Inputs" time="502.417" errors="0" timestamp="2024-09-12T15:55:56 IST" skipped="0">
  <testcase classname="Practice.Assignment_DataDriventesting_10Inputs" name="Amazon" time="47.818"/>
  <system-out/>
  <testcase classname="Practice.Assignment_DataDriventesting_10Inputs" name="Amazon" time="74.705"/>
  <system-out/>
  <testcase classname="Practice.Assignment_DataDriventesting_10Inputs" name="Amazon" time="59.897"/>
  <system-out/>
  <testcase classname="Practice.Assignment_DataDriventesting_10Inputs" name="Amazon" time="47.090"/>
  <system-out/>
  <testcase classname="Practice.Assignment_DataDriventesting_10Inputs" name="Amazon" time="69.840"/>
  <system-out/>
  <testcase classname="Practice.Assignment_DataDriventesting_10Inputs" name="Amazon" time="22.742"/>
  <system-out/>
  <testcase classname="Practice.Assignment_DataDriventesting_10Inputs" name="Amazon" time="61.654"/>
  <system-out/>
  <testcase classname="Practice.Assignment_DataDriventesting_10Inputs" name="Amazon" time="40.213"/>
  <system-out/>
  <testcase classname="Practice.Assignment_DataDriventesting_10Inputs" name="Amazon" time="35.683"/>
  <system-out/>
  <testcase classname="Practice.Assignment_DataDriventesting_10Inputs" name="Amazon" time="42.775"/>
  <system-out/>
</testsuite> <!-- Practice.Assignment_DataDriventesting_10Inputs -->
