<?xml version="1.0" encoding="UTF-8"?>
<!-- Generated by org.testng.reporters.JUnitReportReporter -->
<testsuite hostname="Priya" failures="0" tests="5" name="Practice.DataDrivenTesting52ndclass" time="101.041" errors="0" timestamp="2024-09-12T15:18:34 IST" skipped="0">
  <testcase classname="Practice.DataDrivenTesting52ndclass" name="Method1" time="39.532"/>
  <system-out/>
  <testcase classname="Practice.DataDrivenTesting52ndclass" name="Method1" time="7.163"/>
  <system-out/>
  <testcase classname="Practice.DataDrivenTesting52ndclass" name="Method1" time="8.257"/>
  <system-out/>
  <testcase classname="Practice.DataDrivenTesting52ndclass" name="Method1" time="17.251"/>
  <system-out/>
  <testcase classname="Practice.DataDrivenTesting52ndclass" name="Method1" time="28.838"/>
  <system-out/>
</testsuite> <!-- Practice.DataDrivenTesting52ndclass -->
