<?xml version="1.0" encoding="UTF-8"?>
<!-- Generated by org.testng.reporters.JUnitReportReporter -->
<testsuite hostname="Priya" failures="0" tests="1" name="testng_programs.TestNg1" time="0.010" errors="0" timestamp="2024-09-09T16:27:45 IST" skipped="0">
  <testcase classname="testng_programs.TestNg1" name="testcase1" time="0.010"/>
  <system-out/>
</testsuite> <!-- testng_programs.TestNg1 -->
