<?xml version="1.0" encoding="UTF-8"?>
<!-- Generated by org.testng.reporters.JUnitReportReporter -->
<testsuite hostname="Priya" failures="0" tests="1" name="Assertion_TestNg.GetWindowHandles1" time="22.739" errors="0" timestamp="2024-09-21T19:44:33 IST" skipped="0">
  <testcase classname="Assertion_TestNg.GetWindowHandles1" name="Amazon" time="22.739"/>
  <system-out/>
</testsuite> <!-- Assertion_TestNg.GetWindowHandles1 -->
