<?xml version="1.0" encoding="UTF-8"?>
<!-- Generated by org.testng.reporters.JUnitReportReporter -->
<testsuite hostname="Priya" failures="0" tests="1" name="co_ordinates.ScrollDown" time="11.552" errors="0" timestamp="2024-09-27T22:27:37 IST" skipped="0">
  <testcase classname="co_ordinates.ScrollDown" name="AboutAmazon" time="11.552"/>
  <system-out/>
</testsuite> <!-- co_ordinates.ScrollDown -->
