<?xml version="1.0" encoding="UTF-8"?>
<!-- Generated by org.testng.reporters.JUnitReportReporter -->
<testsuite hostname="Priya" failures="0" tests="1" name="Practice1.Launch_browser" time="10.205" errors="0" timestamp="2024-09-10T16:55:04 IST" skipped="0">
  <testcase classname="Practice1.Launch_browser" name="method1" time="10.205"/>
  <system-out/>
</testsuite> <!-- Practice1.Launch_browser -->
