<?xml version="1.0" encoding="UTF-8"?>
<!-- Generated by org.testng.reporters.JUnitReportReporter -->
<testsuite hostname="Priya" failures="0" tests="3" name="testng_programs.OrderofExecution" time="0.021" errors="0" timestamp="2024-09-09T17:19:54 IST" skipped="0">
  <testcase classname="testng_programs.OrderofExecution" name="bcd" time="0.003"/>
  <system-out/>
  <testcase classname="testng_programs.OrderofExecution" name="ABC" time="0.016"/>
  <system-out/>
  <testcase classname="testng_programs.OrderofExecution" name="Cde" time="0.002"/>
  <system-out/>
</testsuite> <!-- testng_programs.OrderofExecution -->
