<?xml version="1.0" encoding="UTF-8"?>
<!-- Generated by org.testng.reporters.JUnitReportReporter -->
<testsuite hostname="Priya" failures="0" tests="1" name="FileUpload_popup.popup1" time="12.086" errors="0" timestamp="2024-09-26T21:10:56 IST" skipped="0">
  <testcase classname="FileUpload_popup.popup1" name="pop" time="12.086"/>
  <system-out/>
</testsuite> <!-- FileUpload_popup.popup1 -->
