<?xml version="1.0" encoding="UTF-8"?>
<!-- Generated by org.testng.reporters.JUnitReportReporter -->
<testsuite hostname="Priya" failures="0" tests="11" name="Practice1.Disable_testcase" time="0.017" errors="0" timestamp="2024-09-10T16:55:04 IST" skipped="1">
  <testcase classname="Practice1.Disable_testcase" name="testcase1" time="0.002"/>
  <system-out/>
  <testcase classname="Practice1.Disable_testcase" name="testcase1" time="0.001"/>
  <system-out/>
  <testcase classname="Practice1.Disable_testcase" name="testcase1" time="0.003"/>
  <system-out/>
  <testcase classname="Practice1.Disable_testcase" name="testcase1" time="0.002"/>
  <system-out/>
  <testcase classname="Practice1.Disable_testcase" name="testcase1" time="0.001"/>
  <system-out/>
  <testcase classname="Practice1.Disable_testcase" name="testcase1" time="0.001"/>
  <system-out/>
  <testcase classname="Practice1.Disable_testcase" name="testcase1" time="0.001"/>
  <system-out/>
  <testcase classname="Practice1.Disable_testcase" name="testcase1" time="0.002"/>
  <system-out/>
  <testcase classname="Practice1.Disable_testcase" name="testcase1" time="0.003"/>
  <system-out/>
  <testcase classname="Practice1.Disable_testcase" name="testcase1" time="0.001"/>
  <system-out/>
  <testcase classname="Practice1.Disable_testcase" name="testcase2">
    <skipped/>
  </testcase> <!-- testcase2 -->
  <system-out/>
</testsuite> <!-- Practice1.Disable_testcase -->
