<?xml version="1.0" encoding="UTF-8"?>
<!-- Generated by org.testng.reporters.JUnitReportReporter -->
<testsuite hostname="Priya" failures="0" tests="1" name="Practice1.Testcase1" time="0.001" errors="0" timestamp="2024-09-10T16:55:04 IST" skipped="0">
  <testcase classname="Practice1.Testcase1" name="login" time="0.001"/>
  <system-out/>
</testsuite> <!-- Practice1.Testcase1 -->
