<?xml version="1.0" encoding="UTF-8"?>
<!-- Generated by org.testng.reporters.JUnitReportReporter -->
<testsuite hostname="Priya" failures="0" tests="5" name="Headless_Mode.Multidata_Headless" time="83.059" errors="0" timestamp="2024-09-27T15:44:31 IST" skipped="0">
  <testcase classname="Headless_Mode.Multidata_Headless" name="Method1" time="17.090"/>
  <system-out/>
  <testcase classname="Headless_Mode.Multidata_Headless" name="Method1" time="13.401"/>
  <system-out/>
  <testcase classname="Headless_Mode.Multidata_Headless" name="Method1" time="6.405"/>
  <system-out/>
  <testcase classname="Headless_Mode.Multidata_Headless" name="Method1" time="39.118"/>
  <system-out/>
  <testcase classname="Headless_Mode.Multidata_Headless" name="Method1" time="7.045"/>
  <system-out/>
</testsuite> <!-- Headless_Mode.Multidata_Headless -->
