<?xml version="1.0" encoding="UTF-8"?>
<!-- Generated by org.testng.reporters.JUnitReportReporter -->
<testsuite hostname="Priya" failures="0" tests="3" name="testng_programs.PriorityExecution" time="0.017" errors="0" timestamp="2024-09-09T17:33:54 IST" skipped="0">
  <testcase classname="testng_programs.PriorityExecution" name="Registration" time="0.014"/>
  <system-out/>
  <testcase classname="testng_programs.PriorityExecution" name="Login" time="0.001"/>
  <system-out/>
  <testcase classname="testng_programs.PriorityExecution" name="Logout" time="0.002"/>
  <system-out/>
</testsuite> <!-- testng_programs.PriorityExecution -->
