<?xml version="1.0" encoding="UTF-8"?>
<!-- Generated by org.testng.reporters.JUnitReportReporter -->
<testsuite hostname="Priya" failures="0" tests="1" name="Assertion_TestNg.AddtoCart_AfterMovingControlToChild" time="209.214" errors="0" timestamp="2024-09-24T07:24:54 IST" skipped="0">
  <testcase classname="Assertion_TestNg.AddtoCart_AfterMovingControlToChild" name="Amazon" time="209.214"/>
  <system-out/>
</testsuite> <!-- Assertion_TestNg.AddtoCart_AfterMovingControlToChild -->
