<?xml version="1.0" encoding="UTF-8"?>
<!-- Generated by org.testng.reporters.JUnitReportReporter -->
<testsuite hostname="Priya" failures="0" tests="1" name="Amazon_Test.Registration_Test" time="16.747" errors="0" timestamp="2024-09-24T22:34:57 IST" skipped="0">
  <testcase classname="Amazon_Test.Registration_Test" name="Registration" time="16.747"/>
  <system-out/>
</testsuite> <!-- Amazon_Test.Registration_Test -->
