<?xml version="1.0" encoding="UTF-8"?>
<!-- Generated by org.testng.reporters.JUnitReportReporter -->
<testsuite hostname="Priya" failures="0" tests="1" name="Syncronization_Selenium.Explicit_wait1" time="6.553" errors="0" timestamp="2024-09-29T12:08:56 IST" skipped="0">
  <testcase classname="Syncronization_Selenium.Explicit_wait1" name="Wait" time="6.553"/>
  <system-out/>
</testsuite> <!-- Syncronization_Selenium.Explicit_wait1 -->
