<?xml version="1.0" encoding="UTF-8"?>
<!-- Generated by org.testng.reporters.JUnitReportReporter -->
<testsuite hostname="Priya" failures="0" tests="1" name="FetchingExcel.Testcase2" time="0.831" errors="0" timestamp="2024-09-22T15:37:34 IST" skipped="0">
  <testcase classname="FetchingExcel.Testcase2" name="login" time="0.831"/>
  <system-out/>
</testsuite> <!-- FetchingExcel.Testcase2 -->
