<?xml version="1.0" encoding="UTF-8"?>
<!-- Generated by org.testng.reporters.JUnitReportReporter -->
<testsuite hostname="Priya" failures="0" tests="1" name="Assertion_TestNg.Amazon_Assert1_Size" time="41.275" errors="0" timestamp="2024-10-02T23:15:49 IST" skipped="0">
  <testcase classname="Assertion_TestNg.Amazon_Assert1_Size" name="Testcase" time="41.275"/>
  <system-out/>
</testsuite> <!-- Assertion_TestNg.Amazon_Assert1_Size -->
