<?xml version="1.0" encoding="UTF-8"?>
<!-- Generated by org.testng.reporters.JUnitReportReporter -->
<testsuite hostname="Priya" failures="0" tests="6" name="Practice1.Invocation_priority" time="0.007" errors="0" timestamp="2024-09-10T16:55:04 IST" skipped="0">
  <testcase classname="Practice1.Invocation_priority" name="testcase2" time="0.001"/>
  <system-out/>
  <testcase classname="Practice1.Invocation_priority" name="testcase1" time="0.002"/>
  <system-out/>
  <testcase classname="Practice1.Invocation_priority" name="testcase1" time="0.001"/>
  <system-out/>
  <testcase classname="Practice1.Invocation_priority" name="testcase1" time="0.001"/>
  <system-out/>
  <testcase classname="Practice1.Invocation_priority" name="testcase1" time="0.001"/>
  <system-out/>
  <testcase classname="Practice1.Invocation_priority" name="testcase1" time="0.001"/>
  <system-out/>
</testsuite> <!-- Practice1.Invocation_priority -->
