<?xml version="1.0" encoding="UTF-8"?>
<!-- Generated by org.testng.reporters.JUnitReportReporter -->
<testsuite hostname="Priya" failures="0" tests="4" name="testng_programs.NegativePriority" time="0.021" errors="0" timestamp="2024-09-09T17:35:38 IST" skipped="0">
  <testcase classname="testng_programs.NegativePriority" name="Registration" time="0.015"/>
  <system-out/>
  <testcase classname="testng_programs.NegativePriority" name="Login" time="0.002"/>
  <system-out/>
  <testcase classname="testng_programs.NegativePriority" name="Logout" time="0.002"/>
  <system-out/>
  <testcase classname="testng_programs.NegativePriority" name="reRegistration" time="0.002"/>
  <system-out/>
</testsuite> <!-- testng_programs.NegativePriority -->
