<?xml version="1.0" encoding="UTF-8"?>
<!-- Generated by org.testng.reporters.JUnitReportReporter -->
<testsuite hostname="Priya" failures="0" tests="1" name="Headless_Mode.Haedless_Amazon" time="70.177" errors="0" timestamp="2024-09-27T15:32:13 IST" skipped="0">
  <testcase classname="Headless_Mode.Haedless_Amazon" name="Amazonheadless" time="70.177"/>
  <system-out/>
</testsuite> <!-- Headless_Mode.Haedless_Amazon -->
