<?xml version="1.0" encoding="UTF-8"?>
<!-- Generated by org.testng.reporters.JUnitReportReporter -->
<testsuite hostname="Priya" failures="0" tests="1" name="testng_programs.ONe" time="8.443" errors="0" timestamp="2024-09-06T08:04:45 IST" skipped="0">
  <testcase classname="testng_programs.ONe" name="login_to_amazon" time="8.443"/>
  <system-out/>
</testsuite> <!-- testng_programs.ONe -->
