<?xml version="1.0" encoding="UTF-8"?>
<!-- Generated by org.testng.reporters.JUnitReportReporter -->
<testsuite hostname="Priya" failures="0" tests="2" name="testng_programs.Orderofexecution1" time="0.020" errors="0" timestamp="2024-09-09T17:15:59 IST" skipped="0">
  <testcase classname="testng_programs.Orderofexecution1" name="Testcase2" time="0.002"/>
  <system-out/>
  <testcase classname="testng_programs.Orderofexecution1" name="Testcase1" time="0.018"/>
  <system-out/>
</testsuite> <!-- testng_programs.Orderofexecution1 -->
