<?xml version="1.0" encoding="UTF-8"?>
<!-- Generated by org.testng.reporters.JUnitReportReporter -->
<testsuite hostname="Priya" failures="0" tests="2" name="FetchingExcel.DataDriven" time="6.946" errors="0" timestamp="2024-09-22T16:04:03 IST" skipped="0">
  <testcase classname="FetchingExcel.DataDriven" name="Facebook" time="2.950"/>
  <system-out/>
  <testcase classname="FetchingExcel.DataDriven" name="Facebook" time="3.996"/>
  <system-out/>
</testsuite> <!-- FetchingExcel.DataDriven -->
