<?xml version="1.0" encoding="UTF-8"?>
<!-- Generated by org.testng.reporters.JUnitReportReporter -->
<testsuite hostname="Priya" failures="0" tests="2" name="Practice.Datadriventesting_multidata_Amazon" time="27.703" errors="0" timestamp="2024-09-14T08:20:07 IST" skipped="0">
  <testcase classname="Practice.Datadriventesting_multidata_Amazon" name="login" time="14.418"/>
  <system-out/>
  <testcase classname="Practice.Datadriventesting_multidata_Amazon" name="login" time="13.285"/>
  <system-out/>
</testsuite> <!-- Practice.Datadriventesting_multidata_Amazon -->
