<?xml version="1.0" encoding="UTF-8"?>
<!-- Generated by org.testng.reporters.JUnitReportReporter -->
<testsuite hostname="Priya" failures="0" tests="3" name="Practice1.Cross_parallel" time="36.592" errors="0" timestamp="2024-09-12T18:53:21 IST" skipped="0">
  <testcase classname="Practice1.Cross_parallel" name="testcase1" time="16.920"/>
  <system-out/>
  <testcase classname="Practice1.Cross_parallel" name="testcase1" time="7.831"/>
  <system-out/>
  <testcase classname="Practice1.Cross_parallel" name="testcase1" time="11.841"/>
  <system-out/>
</testsuite> <!-- Practice1.Cross_parallel -->
