<?xml version="1.0" encoding="UTF-8"?>
<!-- Generated by org.testng.reporters.JUnitReportReporter -->
<testsuite hostname="Priya" failures="0" tests="2" name="Practice.DataDrivenforDimension2_Facebook" time="7.529" errors="0" timestamp="2024-09-22T15:43:31 IST" skipped="0">
  <testcase classname="Practice.DataDrivenforDimension2_Facebook" name="Facebook" time="3.111"/>
  <system-out/>
  <testcase classname="Practice.DataDrivenforDimension2_Facebook" name="Facebook" time="4.418"/>
  <system-out/>
</testsuite> <!-- Practice.DataDrivenforDimension2_Facebook -->
