<?xml version="1.0" encoding="UTF-8"?>
<!-- Generated by org.testng.reporters.JUnitReportReporter -->
<testsuite hostname="Priya" failures="0" tests="1" name="co_ordinates.Scroll_right_left" time="27.656" errors="0" timestamp="2024-09-27T22:19:24 IST" skipped="0">
  <testcase classname="co_ordinates.Scroll_right_left" name="AboutAmazon" time="27.656"/>
  <system-out/>
</testsuite> <!-- co_ordinates.Scroll_right_left -->
