<?xml version="1.0" encoding="UTF-8"?>
<!-- Generated by org.testng.reporters.JUnitReportReporter -->
<testsuite hostname="Priya" failures="0" tests="3" name="Autosuggestions.TestNG_Annottaions" time="0.019" errors="0" timestamp="2024-09-09T07:25:49 IST" skipped="0">
  <testcase classname="Autosuggestions.TestNG_Annottaions" name="registartion" time="0.016"/>
  <system-out/>
  <testcase classname="Autosuggestions.TestNG_Annottaions" name="login" time="0.001"/>
  <system-out/>
  <testcase classname="Autosuggestions.TestNG_Annottaions" name="logout" time="0.002"/>
  <system-out/>
</testsuite> <!-- Autosuggestions.TestNG_Annottaions -->
