<?xml version="1.0" encoding="UTF-8"?>
<!-- Generated by org.testng.reporters.JUnitReportReporter -->
<testsuite hostname="Priya" failures="0" tests="1" name="Autosuggestions.Annotations_Program" time="0.017" errors="0" timestamp="2024-09-09T06:52:54 IST" skipped="0">
  <testcase classname="Autosuggestions.Annotations_Program" name="testcase1" time="0.017"/>
  <system-out/>
</testsuite> <!-- Autosuggestions.Annotations_Program -->
