<?xml version="1.0" encoding="UTF-8"?>
<!-- Generated by org.testng.reporters.JUnitReportReporter -->
<testsuite hostname="Priya" failures="0" tests="5" name="Headless_Mode.Firefox_Headless" time="48.523" errors="0" timestamp="2024-09-27T16:04:08 IST" skipped="0">
  <testcase classname="Headless_Mode.Firefox_Headless" name="Integer" time="8.233"/>
  <system-out/>
  <testcase classname="Headless_Mode.Firefox_Headless" name="Integer" time="9.935"/>
  <system-out/>
  <testcase classname="Headless_Mode.Firefox_Headless" name="Integer" time="12.199"/>
  <system-out/>
  <testcase classname="Headless_Mode.Firefox_Headless" name="Integer" time="8.151"/>
  <system-out/>
  <testcase classname="Headless_Mode.Firefox_Headless" name="Integer" time="10.005"/>
  <system-out/>
</testsuite> <!-- Headless_Mode.Firefox_Headless -->
