<?xml version="1.0" encoding="UTF-8"?>
<!-- Generated by org.testng.reporters.JUnitReportReporter -->
<testsuite hostname="Priya" failures="0" tests="1" name="Javascript_popup.JavaScript_popup1" time="2.365" errors="0" timestamp="2024-09-26T20:53:12 IST" skipped="0">
  <testcase classname="Javascript_popup.JavaScript_popup1" name="popup" time="2.365"/>
  <system-out/>
</testsuite> <!-- Javascript_popup.JavaScript_popup1 -->
