<?xml version="1.0" encoding="UTF-8"?>
<!-- Generated by org.testng.reporters.JUnitReportReporter -->
<testsuite hostname="Priya" failures="0" tests="1" name="FB_Test.Login_To_Facebook" time="4.781" errors="0" timestamp="2024-09-23T19:02:07 IST" skipped="0">
  <testcase classname="FB_Test.Login_To_Facebook" name="login_with_correct_credential" time="4.781"/>
  <system-out/>
</testsuite> <!-- FB_Test.Login_To_Facebook -->
