<?xml version="1.0" encoding="UTF-8"?>
<!-- Generated by org.testng.reporters.JUnitReportReporter -->
<testsuite hostname="Priya" failures="0" tests="1" name="Practice1.LaunchBrowser_Otherway" time="9.054" errors="0" timestamp="2024-09-10T20:25:34 IST" skipped="0">
  <testcase classname="Practice1.LaunchBrowser_Otherway" name="Method1" time="9.054"/>
  <system-out/>
</testsuite> <!-- Practice1.LaunchBrowser_Otherway -->
