<?xml version="1.0" encoding="UTF-8"?>
<!-- Generated by org.testng.reporters.JUnitReportReporter -->
<testsuite hostname="Priya" failures="0" tests="1" name="Autosuggestions.Basic_program1" time="3.995" errors="0" timestamp="2024-09-09T15:52:49 IST" skipped="0">
  <testcase classname="Autosuggestions.Basic_program1" name="login_to_Amazon" time="3.995"/>
  <system-out/>
</testsuite> <!-- Autosuggestions.Basic_program1 -->
